<?xml version="1.0" encoding="UTF-8"?>
<!-- Generated by org.testng.reporters.JUnitReportReporter -->
<testsuite skipped="0" hostname="DESKTOP-RFFJ72B" name="testcase.Login_TC" tests="1" failures="0" timestamp="28 Oct 2018 10:06:09 GMT" time="43.540" errors="0">
  <testcase name="loginLogout" time="43.540" classname="testcase.Login_TC"/>
</testsuite> <!-- testcase.Login_TC -->
