<?xml version="1.0" encoding="UTF-8"?>
<!-- Generated by org.testng.reporters.JUnitReportReporter -->
<testsuite skipped="0" hostname="DESKTOP-RFFJ72B" name="week6.day2.LearnExcel" tests="1" failures="0" timestamp="21 Oct 2018 04:17:07 GMT" time="0.829" errors="0">
  <testcase name="readexcel" time="0.829" classname="week6.day2.LearnExcel"/>
</testsuite> <!-- week6.day2.LearnExcel -->
