<?xml version="1.0" encoding="UTF-8"?>
<!-- Generated by org.testng.reporters.JUnitReportReporter -->
<testsuite skipped="0" hostname="DESKTOP-RFFJ72B" name="wdMethods.TC001Login" tests="1" failures="0" timestamp="13 Oct 2018 03:49:23 GMT" time="11.132" errors="0">
  <testcase name="login" time="11.132" classname="wdMethods.TC001Login"/>
</testsuite> <!-- wdMethods.TC001Login -->
