<?xml version="1.0" encoding="UTF-8"?>
<!-- Generated by org.testng.reporters.JUnitReportReporter -->
<testsuite skipped="0" hostname="DESKTOP-RFFJ72B" name="learnLead.DeleteLead" tests="1" failures="0" timestamp="27 Oct 2018 12:53:06 GMT" time="26.719" errors="0">
  <testcase name="deleteLead" time="26.719" classname="learnLead.DeleteLead"/>
</testsuite> <!-- learnLead.DeleteLead -->
