<?xml version="1.0" encoding="UTF-8"?>
<!-- Generated by org.testng.reporters.JUnitReportReporter -->
<testsuite skipped="0" hostname="DESKTOP-RFFJ72B" name="week5.day2.LearnZoomCar" tests="1" failures="0" timestamp="15 Oct 2018 17:46:01 GMT" time="38.077" errors="0">
  <testcase name="zoomCarBooking" time="38.077" classname="week5.day2.LearnZoomCar"/>
</testsuite> <!-- week5.day2.LearnZoomCar -->
