<?xml version="1.0" encoding="UTF-8"?>
<!-- Generated by org.testng.reporters.JUnitReportReporter -->
<testsuite skipped="0" hostname="DESKTOP-RFFJ72B" name="testCases.TC001CreateLead" tests="1" failures="0" timestamp="25 Oct 2018 16:12:55 GMT" time="16.209" errors="0">
  <testcase name="createLead" time="16.209" classname="testCases.TC001CreateLead"/>
</testsuite> <!-- testCases.TC001CreateLead -->
