<?xml version="1.0" encoding="UTF-8"?>
<!-- Generated by org.testng.reporters.JUnitReportReporter -->
<testsuite skipped="0" hostname="DESKTOP-RFFJ72B" name="testcase.Login" tests="1" failures="0" timestamp="28 Oct 2018 05:25:27 GMT" time="32.773" errors="0">
  <testcase name="loginLogout" time="32.773" classname="testcase.Login"/>
</testsuite> <!-- testcase.Login -->
