<?xml version="1.0" encoding="UTF-8"?>
<!-- Generated by org.testng.reporters.JUnitReportReporter -->
<testsuite skipped="0" hostname="DESKTOP-RFFJ72B" name="testCases.CreateLeadParameter" tests="2" failures="0" timestamp="24 Oct 2018 17:38:56 GMT" time="13.883" errors="1">
  <testcase name="login" time="13.870" classname="testCases.CreateLeadParameter"/>
  <testcase name="createLead" time="0.013" classname="testCases.CreateLeadParameter">
    <error type="org.testng.internal.reflect.MethodMatcherException" message="
Data provider mismatch
Method: createLead([Parameter{index=0, type=java.lang.String, declaredAnnotations=[]}, Parameter{index=1, type=java.lang.String, declaredAnnotations=[]}, Parameter{index=2, type=java.lang.String, declaredAnnotations=[]}, Parameter{index=3, type=java.lang.String, declaredAnnotations=[]}, Parameter{index=4, type=int, declaredAnnotations=[]}])
Arguments: [(java.lang.String) TCS,(java.lang.String) Ashraf,(java.lang.String) Ali,(java.lang.String) ashraf@testleaf.com,(java.lang.String) 985457648]">
      <![CDATA[org.testng.internal.reflect.MethodMatcherException: 
Data provider mismatch
Method: createLead([Parameter{index=0, type=java.lang.String, declaredAnnotations=[]}, Parameter{index=1, type=java.lang.String, declaredAnnotations=[]}, Parameter{index=2, type=java.lang.String, declaredAnnotations=[]}, Parameter{index=3, type=java.lang.String, declaredAnnotations=[]}, Parameter{index=4, type=int, declaredAnnotations=[]}])
Arguments: [(java.lang.String) TCS,(java.lang.String) Ashraf,(java.lang.String) Ali,(java.lang.String) ashraf@testleaf.com,(java.lang.String) 985457648]
at org.testng.internal.reflect.DataProviderMethodMatcher.getConformingArguments(DataProviderMethodMatcher.java:45)
at org.testng.internal.Parameters.injectParameters(Parameters.java:796)
at org.testng.internal.Invoker.invokeTestMethods(Invoker.java:982)
at org.testng.internal.TestMethodWorker.invokeTestMethods(TestMethodWorker.java:125)
at org.testng.internal.TestMethodWorker.run(TestMethodWorker.java:109)
at java.util.concurrent.ThreadPoolExecutor.runWorker(Unknown Source)
at java.util.concurrent.ThreadPoolExecutor$Worker.run(Unknown Source)
at java.lang.Thread.run(Unknown Source)
]]>
    </error>
  </testcase> <!-- createLead -->
</testsuite> <!-- testCases.CreateLeadParameter -->
