<?xml version="1.0" encoding="UTF-8"?>
<!-- Generated by org.testng.reporters.JUnitReportReporter -->
<testsuite skipped="0" hostname="DESKTOP-RFFJ72B" name="testCases.TC004MergeLead" tests="1" failures="0" timestamp="25 Oct 2018 16:12:55 GMT" time="18.641" errors="0">
  <testcase name="mergelead" time="18.641" classname="testCases.TC004MergeLead"/>
</testsuite> <!-- testCases.TC004MergeLead -->
