<?xml version="1.0" encoding="UTF-8"?>
<!-- Generated by org.testng.reporters.JUnitReportReporter -->
<testsuite skipped="0" hostname="DESKTOP-RFFJ72B" name="wdMethods.CreateLead" tests="1" failures="0" timestamp="23 Oct 2018 18:08:27 GMT" time="46.497" errors="0">
  <testcase name="createLead" time="46.497" classname="wdMethods.CreateLead"/>
</testsuite> <!-- wdMethods.CreateLead -->
