<?xml version="1.0" encoding="UTF-8"?>
<!-- Generated by org.testng.reporters.JUnitReportReporter -->
<testsuite skipped="0" hostname="DESKTOP-RFFJ72B" name="wdMethods.ExtendReport" tests="1" failures="0" timestamp="13 Oct 2018 07:10:42 GMT" time="0.735" errors="0">
  <testcase name="extend" time="0.735" classname="wdMethods.ExtendReport"/>
</testsuite> <!-- wdMethods.ExtendReport -->
