<?xml version="1.0" encoding="UTF-8"?>
<!-- Generated by org.testng.reporters.JUnitReportReporter -->
<testsuite skipped="0" hostname="DESKTOP-RFFJ72B" name="testCases.TC003DeleteLead" tests="1" failures="0" timestamp="25 Oct 2018 16:12:55 GMT" time="29.316" errors="0">
  <testcase name="deletelead" time="29.316" classname="testCases.TC003DeleteLead"/>
</testsuite> <!-- testCases.TC003DeleteLead -->
