<?xml version="1.0" encoding="UTF-8"?>
<!-- Generated by org.testng.reporters.JUnitReportReporter -->
<testsuite skipped="0" hostname="DESKTOP-RFFJ72B" name="testcase.HomePage_TC" tests="1" failures="0" timestamp="28 Oct 2018 05:57:10 GMT" time="41.896" errors="0">
  <testcase name="loginLogout" time="41.896" classname="testcase.HomePage_TC"/>
</testsuite> <!-- testcase.HomePage_TC -->
