<?xml version="1.0" encoding="UTF-8"?>
<!-- Generated by org.testng.reporters.JUnitReportReporter -->
<testsuite skipped="0" hostname="DESKTOP-RFFJ72B" name="testCases.TC002EditLead" tests="1" failures="0" timestamp="25 Oct 2018 16:12:55 GMT" time="15.900" errors="0">
  <testcase name="editlead" time="15.900" classname="testCases.TC002EditLead"/>
</testsuite> <!-- testCases.TC002EditLead -->
