<?xml version="1.0" encoding="UTF-8"?>
<!-- Generated by org.testng.reporters.JUnitReportReporter -->
<testsuite skipped="0" hostname="DESKTOP-RFFJ72B" name="testcase.LoginLogout" tests="1" failures="0" timestamp="27 Oct 2018 13:41:52 GMT" time="9.433" errors="0">
  <testcase name="loginLogout" time="9.433" classname="testcase.LoginLogout"/>
</testsuite> <!-- testcase.LoginLogout -->
